Goat App/android/app/build/intermediates/manifest_merge_blame_file/release/manifest-merger-blame-release-report.txt
1<?xml version="1.0" encoding="utf-8"?>
2<manifest xmlns:android="http://schemas.android.com/apk/res/android"
3    package="com.awesomeproject"
4    android:versionCode="1"
5    android:versionName="1.0" >
6
7    <uses-sdk
8        android:minSdkVersion="21"
8-->src/main/AndroidManifest.xml
9        android:targetSdkVersion="31" />
9-->src/main/AndroidManifest.xml
10
11    <uses-permission android:name="android.permission.INTERNET" />
11-->src/main/AndroidManifest.xml:4:5-67
11-->src/main/AndroidManifest.xml:4:22-64
12    <uses-permission android:name="android.permission.ACCESS_FINE_LOCATION" />
12-->src/main/AndroidManifest.xml:5:1-74
12-->src/main/AndroidManifest.xml:5:18-72
13    <uses-permission android:name="android.permission.ACCESS_COARSE_LOCATION" />
13-->src/main/AndroidManifest.xml:6:1-76
13-->src/main/AndroidManifest.xml:6:18-74
14    <!-- Include required permissions for Google Maps API to run. -->
15    <uses-permission android:name="android.permission.ACCESS_NETWORK_STATE" />
15-->[com.google.android.gms:play-services-maps:18.0.2] AndroidManifest.xml:23:5-79
15-->[com.google.android.gms:play-services-maps:18.0.2] AndroidManifest.xml:23:22-76
16
17    <uses-feature
17-->[com.google.android.gms:play-services-maps:18.0.2] AndroidManifest.xml:26:5-28:35
18        android:glEsVersion="0x00020000"
18-->[com.google.android.gms:play-services-maps:18.0.2] AndroidManifest.xml:27:9-41
19        android:required="true" />
19-->[com.google.android.gms:play-services-maps:18.0.2] AndroidManifest.xml:28:9-32
20
21    <queries>
21-->[com.google.android.gms:play-services-maps:18.0.2] AndroidManifest.xml:30:5-34:15
22
23        <!-- Needs to be explicitly declared on Android R+ -->
24        <package android:name="com.google.android.apps.maps" />
24-->[com.google.android.gms:play-services-maps:18.0.2] AndroidManifest.xml:33:9-64
24-->[com.google.android.gms:play-services-maps:18.0.2] AndroidManifest.xml:33:18-61
25    </queries>
26
27    <uses-permission android:name="android.permission.WAKE_LOCK" />
27-->[androidx.work:work-runtime:2.7.1] AndroidManifest.xml:25:5-68
27-->[androidx.work:work-runtime:2.7.1] AndroidManifest.xml:25:22-65
28    <uses-permission android:name="android.permission.RECEIVE_BOOT_COMPLETED" />
28-->[androidx.work:work-runtime:2.7.1] AndroidManifest.xml:27:5-81
28-->[androidx.work:work-runtime:2.7.1] AndroidManifest.xml:27:22-78
29    <uses-permission android:name="android.permission.FOREGROUND_SERVICE" />
29-->[androidx.work:work-runtime:2.7.1] AndroidManifest.xml:28:5-77
29-->[androidx.work:work-runtime:2.7.1] AndroidManifest.xml:28:22-74
30
31    <application
31-->src/main/AndroidManifest.xml:7:5-29:19
32        android:name="com.awesomeproject.MainApplication"
32-->src/main/AndroidManifest.xml:8:7-38
33        android:allowBackup="false"
33-->src/main/AndroidManifest.xml:12:7-34
34        android:appComponentFactory="androidx.core.app.CoreComponentFactory"
34-->[androidx.core:core:1.7.0] AndroidManifest.xml:24:18-86
35        android:icon="@mipmap/ic_launcher"
35-->src/main/AndroidManifest.xml:10:7-41
36        android:label="@string/app_name"
36-->src/main/AndroidManifest.xml:9:7-39
37        android:roundIcon="@mipmap/ic_launcher_round"
37-->src/main/AndroidManifest.xml:11:7-52
38        android:theme="@style/AppTheme" >
38-->src/main/AndroidManifest.xml:13:7-38
39        <meta-data
39-->src/main/AndroidManifest.xml:14:8-16:63
40            android:name="com.google.android.geo.API_KEY"
40-->src/main/AndroidManifest.xml:15:6-51
41            android:value="AIzaSyB2meCUCTKXZQ8mkgXDyi2HfUeUza9PQrs" />
41-->src/main/AndroidManifest.xml:16:6-61
42
43        <activity
43-->src/main/AndroidManifest.xml:17:7-28:18
44            android:name="com.awesomeproject.MainActivity"
44-->src/main/AndroidManifest.xml:18:9-37
45            android:configChanges="keyboard|keyboardHidden|orientation|screenLayout|screenSize|smallestScreenSize|uiMode"
45-->src/main/AndroidManifest.xml:20:9-118
46            android:exported="true"
46-->src/main/AndroidManifest.xml:23:9-32
47            android:label="@string/app_name"
47-->src/main/AndroidManifest.xml:19:9-41
48            android:launchMode="singleTask"
48-->src/main/AndroidManifest.xml:21:9-40
49            android:windowSoftInputMode="adjustPan" >
49-->src/main/AndroidManifest.xml:22:9-48
50            <intent-filter>
50-->src/main/AndroidManifest.xml:24:9-27:25
51                <action android:name="android.intent.action.MAIN" />
51-->src/main/AndroidManifest.xml:25:13-65
51-->src/main/AndroidManifest.xml:25:21-62
52
53                <category android:name="android.intent.category.LAUNCHER" />
53-->src/main/AndroidManifest.xml:26:13-73
53-->src/main/AndroidManifest.xml:26:23-70
54            </intent-filter>
55        </activity>
56        <!-- Needs to be explicitly declared on P+ -->
57        <uses-library
57-->[com.google.android.gms:play-services-maps:18.0.2] AndroidManifest.xml:39:9-41:40
58            android:name="org.apache.http.legacy"
58-->[com.google.android.gms:play-services-maps:18.0.2] AndroidManifest.xml:40:13-50
59            android:required="false" />
59-->[com.google.android.gms:play-services-maps:18.0.2] AndroidManifest.xml:41:13-37
60
61        <activity
61-->[com.google.android.gms:play-services-base:18.0.1] AndroidManifest.xml:20:9-22:45
62            android:name="com.google.android.gms.common.api.GoogleApiActivity"
62-->[com.google.android.gms:play-services-base:18.0.1] AndroidManifest.xml:20:19-85
63            android:exported="false"
63-->[com.google.android.gms:play-services-base:18.0.1] AndroidManifest.xml:22:19-43
64            android:theme="@android:style/Theme.Translucent.NoTitleBar" />
64-->[com.google.android.gms:play-services-base:18.0.1] AndroidManifest.xml:21:19-78
65
66        <provider
66-->[androidx.work:work-runtime:2.7.1] AndroidManifest.xml:31:9-39:20
67            android:name="androidx.startup.InitializationProvider"
67-->[androidx.work:work-runtime:2.7.1] AndroidManifest.xml:32:13-67
68            android:authorities="com.awesomeproject.androidx-startup"
68-->[androidx.work:work-runtime:2.7.1] AndroidManifest.xml:33:13-68
69            android:exported="false" >
69-->[androidx.work:work-runtime:2.7.1] AndroidManifest.xml:34:13-37
70            <meta-data
70-->[androidx.work:work-runtime:2.7.1] AndroidManifest.xml:36:13-38:52
71                android:name="androidx.work.WorkManagerInitializer"
71-->[androidx.work:work-runtime:2.7.1] AndroidManifest.xml:37:17-68
72                android:value="androidx.startup" />
72-->[androidx.work:work-runtime:2.7.1] AndroidManifest.xml:38:17-49
73            <meta-data
73-->[androidx.emoji2:emoji2:1.0.0] AndroidManifest.xml:31:13-33:52
74                android:name="androidx.emoji2.text.EmojiCompatInitializer"
74-->[androidx.emoji2:emoji2:1.0.0] AndroidManifest.xml:32:17-75
75                android:value="androidx.startup" />
75-->[androidx.emoji2:emoji2:1.0.0] AndroidManifest.xml:33:17-49
76            <meta-data
76-->[androidx.lifecycle:lifecycle-process:2.4.0] AndroidManifest.xml:31:13-33:52
77                android:name="androidx.lifecycle.ProcessLifecycleInitializer"
77-->[androidx.lifecycle:lifecycle-process:2.4.0] AndroidManifest.xml:32:17-78
78                android:value="androidx.startup" />
78-->[androidx.lifecycle:lifecycle-process:2.4.0] AndroidManifest.xml:33:17-49
79        </provider>
80
81        <service
81-->[androidx.work:work-runtime:2.7.1] AndroidManifest.xml:41:9-46:35
82            android:name="androidx.work.impl.background.systemalarm.SystemAlarmService"
82-->[androidx.work:work-runtime:2.7.1] AndroidManifest.xml:42:13-88
83            android:directBootAware="false"
83-->[androidx.work:work-runtime:2.7.1] AndroidManifest.xml:43:13-44
84            android:enabled="@bool/enable_system_alarm_service_default"
84-->[androidx.work:work-runtime:2.7.1] AndroidManifest.xml:44:13-72
85            android:exported="false" />
85-->[androidx.work:work-runtime:2.7.1] AndroidManifest.xml:45:13-37
86        <service
86-->[androidx.work:work-runtime:2.7.1] AndroidManifest.xml:47:9-53:35
87            android:name="androidx.work.impl.background.systemjob.SystemJobService"
87-->[androidx.work:work-runtime:2.7.1] AndroidManifest.xml:48:13-84
88            android:directBootAware="false"
88-->[androidx.work:work-runtime:2.7.1] AndroidManifest.xml:49:13-44
89            android:enabled="@bool/enable_system_job_service_default"
89-->[androidx.work:work-runtime:2.7.1] AndroidManifest.xml:50:13-70
90            android:exported="true"
90-->[androidx.work:work-runtime:2.7.1] AndroidManifest.xml:51:13-36
91            android:permission="android.permission.BIND_JOB_SERVICE" />
91-->[androidx.work:work-runtime:2.7.1] AndroidManifest.xml:52:13-69
92        <service
92-->[androidx.work:work-runtime:2.7.1] AndroidManifest.xml:54:9-59:35
93            android:name="androidx.work.impl.foreground.SystemForegroundService"
93-->[androidx.work:work-runtime:2.7.1] AndroidManifest.xml:55:13-81
94            android:directBootAware="false"
94-->[androidx.work:work-runtime:2.7.1] AndroidManifest.xml:56:13-44
95            android:enabled="@bool/enable_system_foreground_service_default"
95-->[androidx.work:work-runtime:2.7.1] AndroidManifest.xml:57:13-77
96            android:exported="false" />
96-->[androidx.work:work-runtime:2.7.1] AndroidManifest.xml:58:13-37
97
98        <receiver
98-->[androidx.work:work-runtime:2.7.1] AndroidManifest.xml:61:9-66:35
99            android:name="androidx.work.impl.utils.ForceStopRunnable$BroadcastReceiver"
99-->[androidx.work:work-runtime:2.7.1] AndroidManifest.xml:62:13-88
100            android:directBootAware="false"
100-->[androidx.work:work-runtime:2.7.1] AndroidManifest.xml:63:13-44
101            android:enabled="true"
101-->[androidx.work:work-runtime:2.7.1] AndroidManifest.xml:64:13-35
102            android:exported="false" />
102-->[androidx.work:work-runtime:2.7.1] AndroidManifest.xml:65:13-37
103        <receiver
103-->[androidx.work:work-runtime:2.7.1] AndroidManifest.xml:67:9-77:20
104            android:name="androidx.work.impl.background.systemalarm.ConstraintProxy$BatteryChargingProxy"
104-->[androidx.work:work-runtime:2.7.1] AndroidManifest.xml:68:13-106
105            android:directBootAware="false"
105-->[androidx.work:work-runtime:2.7.1] AndroidManifest.xml:69:13-44
106            android:enabled="false"
106-->[androidx.work:work-runtime:2.7.1] AndroidManifest.xml:70:13-36
107            android:exported="false" >
107-->[androidx.work:work-runtime:2.7.1] AndroidManifest.xml:71:13-37
108            <intent-filter>
108-->[androidx.work:work-runtime:2.7.1] AndroidManifest.xml:73:13-76:29
109                <action android:name="android.intent.action.ACTION_POWER_CONNECTED" />
109-->[androidx.work:work-runtime:2.7.1] AndroidManifest.xml:74:17-87
109-->[androidx.work:work-runtime:2.7.1] AndroidManifest.xml:74:25-84
110                <action android:name="android.intent.action.ACTION_POWER_DISCONNECTED" />
110-->[androidx.work:work-runtime:2.7.1] AndroidManifest.xml:75:17-90
110-->[androidx.work:work-runtime:2.7.1] AndroidManifest.xml:75:25-87
111            </intent-filter>
112        </receiver>
113        <receiver
113-->[androidx.work:work-runtime:2.7.1] AndroidManifest.xml:78:9-88:20
114            android:name="androidx.work.impl.background.systemalarm.ConstraintProxy$BatteryNotLowProxy"
114-->[androidx.work:work-runtime:2.7.1] AndroidManifest.xml:79:13-104
115            android:directBootAware="false"
115-->[androidx.work:work-runtime:2.7.1] AndroidManifest.xml:80:13-44
116            android:enabled="false"
116-->[androidx.work:work-runtime:2.7.1] AndroidManifest.xml:81:13-36
117            android:exported="false" >
117-->[androidx.work:work-runtime:2.7.1] AndroidManifest.xml:82:13-37
118            <intent-filter>
118-->[androidx.work:work-runtime:2.7.1] AndroidManifest.xml:84:13-87:29
119                <action android:name="android.intent.action.BATTERY_OKAY" />
119-->[androidx.work:work-runtime:2.7.1] AndroidManifest.xml:85:17-77
119-->[androidx.work:work-runtime:2.7.1] AndroidManifest.xml:85:25-74
120                <action android:name="android.intent.action.BATTERY_LOW" />
120-->[androidx.work:work-runtime:2.7.1] AndroidManifest.xml:86:17-76
120-->[androidx.work:work-runtime:2.7.1] AndroidManifest.xml:86:25-73
121            </intent-filter>
122        </receiver>
123        <receiver
123-->[androidx.work:work-runtime:2.7.1] AndroidManifest.xml:89:9-99:20
124            android:name="androidx.work.impl.background.systemalarm.ConstraintProxy$StorageNotLowProxy"
124-->[androidx.work:work-runtime:2.7.1] AndroidManifest.xml:90:13-104
125            android:directBootAware="false"
125-->[androidx.work:work-runtime:2.7.1] AndroidManifest.xml:91:13-44
126            android:enabled="false"
126-->[androidx.work:work-runtime:2.7.1] AndroidManifest.xml:92:13-36
127            android:exported="false" >
127-->[androidx.work:work-runtime:2.7.1] AndroidManifest.xml:93:13-37
128            <intent-filter>
128-->[androidx.work:work-runtime:2.7.1] AndroidManifest.xml:95:13-98:29
129                <action android:name="android.intent.action.DEVICE_STORAGE_LOW" />
129-->[androidx.work:work-runtime:2.7.1] AndroidManifest.xml:96:17-83
129-->[androidx.work:work-runtime:2.7.1] AndroidManifest.xml:96:25-80
130                <action android:name="android.intent.action.DEVICE_STORAGE_OK" />
130-->[androidx.work:work-runtime:2.7.1] AndroidManifest.xml:97:17-82
130-->[androidx.work:work-runtime:2.7.1] AndroidManifest.xml:97:25-79
131            </intent-filter>
132        </receiver>
133        <receiver
133-->[androidx.work:work-runtime:2.7.1] AndroidManifest.xml:100:9-109:20
134            android:name="androidx.work.impl.background.systemalarm.ConstraintProxy$NetworkStateProxy"
134-->[androidx.work:work-runtime:2.7.1] AndroidManifest.xml:101:13-103
135            android:directBootAware="false"
135-->[androidx.work:work-runtime:2.7.1] AndroidManifest.xml:102:13-44
136            android:enabled="false"
136-->[androidx.work:work-runtime:2.7.1] AndroidManifest.xml:103:13-36
137            android:exported="false" >
137-->[androidx.work:work-runtime:2.7.1] AndroidManifest.xml:104:13-37
138            <intent-filter>
138-->[androidx.work:work-runtime:2.7.1] AndroidManifest.xml:106:13-108:29
139                <action android:name="android.net.conn.CONNECTIVITY_CHANGE" />
139-->[androidx.work:work-runtime:2.7.1] AndroidManifest.xml:107:17-79
139-->[androidx.work:work-runtime:2.7.1] AndroidManifest.xml:107:25-76
140            </intent-filter>
141        </receiver>
142        <receiver
142-->[androidx.work:work-runtime:2.7.1] AndroidManifest.xml:110:9-121:20
143            android:name="androidx.work.impl.background.systemalarm.RescheduleReceiver"
143-->[androidx.work:work-runtime:2.7.1] AndroidManifest.xml:111:13-88
144            android:directBootAware="false"
144-->[androidx.work:work-runtime:2.7.1] AndroidManifest.xml:112:13-44
145            android:enabled="false"
145-->[androidx.work:work-runtime:2.7.1] AndroidManifest.xml:113:13-36
146            android:exported="false" >
146-->[androidx.work:work-runtime:2.7.1] AndroidManifest.xml:114:13-37
147            <intent-filter>
147-->[androidx.work:work-runtime:2.7.1] AndroidManifest.xml:116:13-120:29
148                <action android:name="android.intent.action.BOOT_COMPLETED" />
148-->[androidx.work:work-runtime:2.7.1] AndroidManifest.xml:117:17-79
148-->[androidx.work:work-runtime:2.7.1] AndroidManifest.xml:117:25-76
149                <action android:name="android.intent.action.TIME_SET" />
149-->[androidx.work:work-runtime:2.7.1] AndroidManifest.xml:118:17-73
149-->[androidx.work:work-runtime:2.7.1] AndroidManifest.xml:118:25-70
150                <action android:name="android.intent.action.TIMEZONE_CHANGED" />
150-->[androidx.work:work-runtime:2.7.1] AndroidManifest.xml:119:17-81
150-->[androidx.work:work-runtime:2.7.1] AndroidManifest.xml:119:25-78
151            </intent-filter>
152        </receiver>
153        <receiver
153-->[androidx.work:work-runtime:2.7.1] AndroidManifest.xml:122:9-131:20
154            android:name="androidx.work.impl.background.systemalarm.ConstraintProxyUpdateReceiver"
154-->[androidx.work:work-runtime:2.7.1] AndroidManifest.xml:123:13-99
155            android:directBootAware="false"
155-->[androidx.work:work-runtime:2.7.1] AndroidManifest.xml:124:13-44
156            android:enabled="@bool/enable_system_alarm_service_default"
156-->[androidx.work:work-runtime:2.7.1] AndroidManifest.xml:125:13-72
157            android:exported="false" >
157-->[androidx.work:work-runtime:2.7.1] AndroidManifest.xml:126:13-37
158            <intent-filter>
158-->[androidx.work:work-runtime:2.7.1] AndroidManifest.xml:128:13-130:29
159                <action android:name="androidx.work.impl.background.systemalarm.UpdateProxies" />
159-->[androidx.work:work-runtime:2.7.1] AndroidManifest.xml:129:17-98
159-->[androidx.work:work-runtime:2.7.1] AndroidManifest.xml:129:25-95
160            </intent-filter>
161        </receiver>
162        <receiver
162-->[androidx.work:work-runtime:2.7.1] AndroidManifest.xml:132:9-142:20
163            android:name="androidx.work.impl.diagnostics.DiagnosticsReceiver"
163-->[androidx.work:work-runtime:2.7.1] AndroidManifest.xml:133:13-78
164            android:directBootAware="false"
164-->[androidx.work:work-runtime:2.7.1] AndroidManifest.xml:134:13-44
165            android:enabled="true"
165-->[androidx.work:work-runtime:2.7.1] AndroidManifest.xml:135:13-35
166            android:exported="true"
166-->[androidx.work:work-runtime:2.7.1] AndroidManifest.xml:136:13-36
167            android:permission="android.permission.DUMP" >
167-->[androidx.work:work-runtime:2.7.1] AndroidManifest.xml:137:13-57
168            <intent-filter>
168-->[androidx.work:work-runtime:2.7.1] AndroidManifest.xml:139:13-141:29
169                <action android:name="androidx.work.diagnostics.REQUEST_DIAGNOSTICS" />
169-->[androidx.work:work-runtime:2.7.1] AndroidManifest.xml:140:17-88
169-->[androidx.work:work-runtime:2.7.1] AndroidManifest.xml:140:25-85
170            </intent-filter>
171        </receiver>
172
173        <meta-data
173-->[com.google.android.gms:play-services-basement:18.0.0] AndroidManifest.xml:21:9-23:69
174            android:name="com.google.android.gms.version"
174-->[com.google.android.gms:play-services-basement:18.0.0] AndroidManifest.xml:22:13-58
175            android:value="@integer/google_play_services_version" />
175-->[com.google.android.gms:play-services-basement:18.0.0] AndroidManifest.xml:23:13-66
176
177        <service
177-->[androidx.room:room-runtime:2.2.5] AndroidManifest.xml:25:9-28:40
178            android:name="androidx.room.MultiInstanceInvalidationService"
178-->[androidx.room:room-runtime:2.2.5] AndroidManifest.xml:26:13-74
179            android:directBootAware="true"
179-->[androidx.room:room-runtime:2.2.5] AndroidManifest.xml:27:13-43
180            android:exported="false" />
180-->[androidx.room:room-runtime:2.2.5] AndroidManifest.xml:28:13-37
181    </application>
182
183</manifest>